This is pdfTeX, Version 3.14159265-2.6-1.40.18 (MiKTeX 2.9.6500 64-bit) (preloaded format=pdflatex 2018.2.1)  10 NOV 2018 01:08
entering extended mode
**./bare_jrnl.tex
(bare_jrnl.tex
LaTeX2e <2017-04-15>
Babel <3.15> and hyphenation patterns for 75 language(s) loaded.
(IEEEtran.cls
Document Class: IEEEtran 2015/08/26 V1.8b by Michael Shell
-- See the "IEEEtran_HOWTO" manual for usage information.
-- http://www.michaelshell.org/tex/ieeetran/
\@IEEEtrantmpdimenA=\dimen102
\@IEEEtrantmpdimenB=\dimen103
\@IEEEtrantmpdimenC=\dimen104
\@IEEEtrantmpcountA=\count79
\@IEEEtrantmpcountB=\count80
\@IEEEtrantmpcountC=\count81
\@IEEEtrantmptoksA=\toks14
LaTeX Font Info:    Try loading font information for OT1+ptm on input line 503.

("C:\Program Files\MiKTeX 2.9\tex\latex\psnfss\ot1ptm.fd"
File: ot1ptm.fd 2001/06/04 font definitions for OT1/ptm.
)
-- Using 8.5in x 11in (letter) paper.
-- Using PDF output.
\@IEEEnormalsizeunitybaselineskip=\dimen105
-- This is a 10 point document.
\CLASSINFOnormalsizebaselineskip=\dimen106
\CLASSINFOnormalsizeunitybaselineskip=\dimen107
\IEEEnormaljot=\dimen108
LaTeX Font Info:    Font shape `OT1/ptm/bx/n' in size <5> not available
(Font)              Font shape `OT1/ptm/b/n' tried instead on input line 1090.
LaTeX Font Info:    Font shape `OT1/ptm/bx/it' in size <5> not available
(Font)              Font shape `OT1/ptm/b/it' tried instead on input line 1090.

LaTeX Font Info:    Font shape `OT1/ptm/bx/n' in size <7> not available
(Font)              Font shape `OT1/ptm/b/n' tried instead on input line 1090.
LaTeX Font Info:    Font shape `OT1/ptm/bx/it' in size <7> not available
(Font)              Font shape `OT1/ptm/b/it' tried instead on input line 1090.

LaTeX Font Info:    Font shape `OT1/ptm/bx/n' in size <8> not available
(Font)              Font shape `OT1/ptm/b/n' tried instead on input line 1090.
LaTeX Font Info:    Font shape `OT1/ptm/bx/it' in size <8> not available
(Font)              Font shape `OT1/ptm/b/it' tried instead on input line 1090.

LaTeX Font Info:    Font shape `OT1/ptm/bx/n' in size <9> not available
(Font)              Font shape `OT1/ptm/b/n' tried instead on input line 1090.
LaTeX Font Info:    Font shape `OT1/ptm/bx/it' in size <9> not available
(Font)              Font shape `OT1/ptm/b/it' tried instead on input line 1090.

LaTeX Font Info:    Font shape `OT1/ptm/bx/n' in size <10> not available
(Font)              Font shape `OT1/ptm/b/n' tried instead on input line 1090.
LaTeX Font Info:    Font shape `OT1/ptm/bx/it' in size <10> not available
(Font)              Font shape `OT1/ptm/b/it' tried instead on input line 1090.

LaTeX Font Info:    Font shape `OT1/ptm/bx/n' in size <11> not available
(Font)              Font shape `OT1/ptm/b/n' tried instead on input line 1090.
LaTeX Font Info:    Font shape `OT1/ptm/bx/it' in size <11> not available
(Font)              Font shape `OT1/ptm/b/it' tried instead on input line 1090.

LaTeX Font Info:    Font shape `OT1/ptm/bx/n' in size <12> not available
(Font)              Font shape `OT1/ptm/b/n' tried instead on input line 1090.
LaTeX Font Info:    Font shape `OT1/ptm/bx/it' in size <12> not available
(Font)              Font shape `OT1/ptm/b/it' tried instead on input line 1090.

LaTeX Font Info:    Font shape `OT1/ptm/bx/n' in size <17> not available
(Font)              Font shape `OT1/ptm/b/n' tried instead on input line 1090.
LaTeX Font Info:    Font shape `OT1/ptm/bx/it' in size <17> not available
(Font)              Font shape `OT1/ptm/b/it' tried instead on input line 1090.

LaTeX Font Info:    Font shape `OT1/ptm/bx/n' in size <20> not available
(Font)              Font shape `OT1/ptm/b/n' tried instead on input line 1090.
LaTeX Font Info:    Font shape `OT1/ptm/bx/it' in size <20> not available
(Font)              Font shape `OT1/ptm/b/it' tried instead on input line 1090.

LaTeX Font Info:    Font shape `OT1/ptm/bx/n' in size <24> not available
(Font)              Font shape `OT1/ptm/b/n' tried instead on input line 1090.
LaTeX Font Info:    Font shape `OT1/ptm/bx/it' in size <24> not available
(Font)              Font shape `OT1/ptm/b/it' tried instead on input line 1090.

\IEEEquantizedlength=\dimen109
\IEEEquantizedlengthdiff=\dimen110
\IEEEquantizedtextheightdiff=\dimen111
\IEEEilabelindentA=\dimen112
\IEEEilabelindentB=\dimen113
\IEEEilabelindent=\dimen114
\IEEEelabelindent=\dimen115
\IEEEdlabelindent=\dimen116
\IEEElabelindent=\dimen117
\IEEEiednormlabelsep=\dimen118
\IEEEiedmathlabelsep=\dimen119
\IEEEiedtopsep=\skip41
\c@section=\count82
\c@subsection=\count83
\c@subsubsection=\count84
\c@paragraph=\count85
\c@IEEEsubequation=\count86
\abovecaptionskip=\skip42
\belowcaptionskip=\skip43
\c@figure=\count87
\c@table=\count88
\@IEEEeqnnumcols=\count89
\@IEEEeqncolcnt=\count90
\@IEEEsubeqnnumrollback=\count91
\@IEEEquantizeheightA=\dimen120
\@IEEEquantizeheightB=\dimen121
\@IEEEquantizeheightC=\dimen122
\@IEEEquantizeprevdepth=\dimen123
\@IEEEquantizemultiple=\count92
\@IEEEquantizeboxA=\box26
\@IEEEtmpitemindent=\dimen124
\IEEEPARstartletwidth=\dimen125
\c@IEEEbiography=\count93
\@IEEEtranrubishbin=\box27
) ("C:\Program Files\MiKTeX 2.9\tex\latex\base\inputenc.sty"
Package: inputenc 2015/03/17 v1.2c Input encoding file
\inpenc@prehook=\toks15
\inpenc@posthook=\toks16

("C:\Program Files\MiKTeX 2.9\tex\latex\base\utf8.def"
File: utf8.def 2017/01/28 v1.1t UTF-8 support for inputenc
Now handling font encoding OML ...
... no UTF-8 mapping file for font encoding OML
Now handling font encoding T1 ...
... processing UTF-8 mapping file for font encoding T1

("C:\Program Files\MiKTeX 2.9\tex\latex\base\t1enc.dfu"
File: t1enc.dfu 2017/01/28 v1.1t UTF-8 support for inputenc
   defining Unicode char U+00A0 (decimal 160)
   defining Unicode char U+00A1 (decimal 161)
   defining Unicode char U+00A3 (decimal 163)
   defining Unicode char U+00AB (decimal 171)
   defining Unicode char U+00AD (decimal 173)
   defining Unicode char U+00BB (decimal 187)
   defining Unicode char U+00BF (decimal 191)
   defining Unicode char U+00C0 (decimal 192)
   defining Unicode char U+00C1 (decimal 193)
   defining Unicode char U+00C2 (decimal 194)
   defining Unicode char U+00C3 (decimal 195)
   defining Unicode char U+00C4 (decimal 196)
   defining Unicode char U+00C5 (decimal 197)
   defining Unicode char U+00C6 (decimal 198)
   defining Unicode char U+00C7 (decimal 199)
   defining Unicode char U+00C8 (decimal 200)
   defining Unicode char U+00C9 (decimal 201)
   defining Unicode char U+00CA (decimal 202)
   defining Unicode char U+00CB (decimal 203)
   defining Unicode char U+00CC (decimal 204)
   defining Unicode char U+00CD (decimal 205)
   defining Unicode char U+00CE (decimal 206)
   defining Unicode char U+00CF (decimal 207)
   defining Unicode char U+00D0 (decimal 208)
   defining Unicode char U+00D1 (decimal 209)
   defining Unicode char U+00D2 (decimal 210)
   defining Unicode char U+00D3 (decimal 211)
   defining Unicode char U+00D4 (decimal 212)
   defining Unicode char U+00D5 (decimal 213)
   defining Unicode char U+00D6 (decimal 214)
   defining Unicode char U+00D8 (decimal 216)
   defining Unicode char U+00D9 (decimal 217)
   defining Unicode char U+00DA (decimal 218)
   defining Unicode char U+00DB (decimal 219)
   defining Unicode char U+00DC (decimal 220)
   defining Unicode char U+00DD (decimal 221)
   defining Unicode char U+00DE (decimal 222)
   defining Unicode char U+00DF (decimal 223)
   defining Unicode char U+00E0 (decimal 224)
   defining Unicode char U+00E1 (decimal 225)
   defining Unicode char U+00E2 (decimal 226)
   defining Unicode char U+00E3 (decimal 227)
   defining Unicode char U+00E4 (decimal 228)
   defining Unicode char U+00E5 (decimal 229)
   defining Unicode char U+00E6 (decimal 230)
   defining Unicode char U+00E7 (decimal 231)
   defining Unicode char U+00E8 (decimal 232)
   defining Unicode char U+00E9 (decimal 233)
   defining Unicode char U+00EA (decimal 234)
   defining Unicode char U+00EB (decimal 235)
   defining Unicode char U+00EC (decimal 236)
   defining Unicode char U+00ED (decimal 237)
   defining Unicode char U+00EE (decimal 238)
   defining Unicode char U+00EF (decimal 239)
   defining Unicode char U+00F0 (decimal 240)
   defining Unicode char U+00F1 (decimal 241)
   defining Unicode char U+00F2 (decimal 242)
   defining Unicode char U+00F3 (decimal 243)
   defining Unicode char U+00F4 (decimal 244)
   defining Unicode char U+00F5 (decimal 245)
   defining Unicode char U+00F6 (decimal 246)
   defining Unicode char U+00F8 (decimal 248)
   defining Unicode char U+00F9 (decimal 249)
   defining Unicode char U+00FA (decimal 250)
   defining Unicode char U+00FB (decimal 251)
   defining Unicode char U+00FC (decimal 252)
   defining Unicode char U+00FD (decimal 253)
   defining Unicode char U+00FE (decimal 254)
   defining Unicode char U+00FF (decimal 255)
   defining Unicode char U+0100 (decimal 256)
   defining Unicode char U+0101 (decimal 257)
   defining Unicode char U+0102 (decimal 258)
   defining Unicode char U+0103 (decimal 259)
   defining Unicode char U+0104 (decimal 260)
   defining Unicode char U+0105 (decimal 261)
   defining Unicode char U+0106 (decimal 262)
   defining Unicode char U+0107 (decimal 263)
   defining Unicode char U+0108 (decimal 264)
   defining Unicode char U+0109 (decimal 265)
   defining Unicode char U+010A (decimal 266)
   defining Unicode char U+010B (decimal 267)
   defining Unicode char U+010C (decimal 268)
   defining Unicode char U+010D (decimal 269)
   defining Unicode char U+010E (decimal 270)
   defining Unicode char U+010F (decimal 271)
   defining Unicode char U+0110 (decimal 272)
   defining Unicode char U+0111 (decimal 273)
   defining Unicode char U+0112 (decimal 274)
   defining Unicode char U+0113 (decimal 275)
   defining Unicode char U+0114 (decimal 276)
   defining Unicode char U+0115 (decimal 277)
   defining Unicode char U+0116 (decimal 278)
   defining Unicode char U+0117 (decimal 279)
   defining Unicode char U+0118 (decimal 280)
   defining Unicode char U+0119 (decimal 281)
   defining Unicode char U+011A (decimal 282)
   defining Unicode char U+011B (decimal 283)
   defining Unicode char U+011C (decimal 284)
   defining Unicode char U+011D (decimal 285)
   defining Unicode char U+011E (decimal 286)
   defining Unicode char U+011F (decimal 287)
   defining Unicode char U+0120 (decimal 288)
   defining Unicode char U+0121 (decimal 289)
   defining Unicode char U+0122 (decimal 290)
   defining Unicode char U+0123 (decimal 291)
   defining Unicode char U+0124 (decimal 292)
   defining Unicode char U+0125 (decimal 293)
   defining Unicode char U+0128 (decimal 296)
   defining Unicode char U+0129 (decimal 297)
   defining Unicode char U+012A (decimal 298)
   defining Unicode char U+012B (decimal 299)
   defining Unicode char U+012C (decimal 300)
   defining Unicode char U+012D (decimal 301)
   defining Unicode char U+012E (decimal 302)
   defining Unicode char U+012F (decimal 303)
   defining Unicode char U+0130 (decimal 304)
   defining Unicode char U+0131 (decimal 305)
   defining Unicode char U+0132 (decimal 306)
   defining Unicode char U+0133 (decimal 307)
   defining Unicode char U+0134 (decimal 308)
   defining Unicode char U+0135 (decimal 309)
   defining Unicode char U+0136 (decimal 310)
   defining Unicode char U+0137 (decimal 311)
   defining Unicode char U+0139 (decimal 313)
   defining Unicode char U+013A (decimal 314)
   defining Unicode char U+013B (decimal 315)
   defining Unicode char U+013C (decimal 316)
   defining Unicode char U+013D (decimal 317)
   defining Unicode char U+013E (decimal 318)
   defining Unicode char U+0141 (decimal 321)
   defining Unicode char U+0142 (decimal 322)
   defining Unicode char U+0143 (decimal 323)
   defining Unicode char U+0144 (decimal 324)
   defining Unicode char U+0145 (decimal 325)
   defining Unicode char U+0146 (decimal 326)
   defining Unicode char U+0147 (decimal 327)
   defining Unicode char U+0148 (decimal 328)
   defining Unicode char U+014A (decimal 330)
   defining Unicode char U+014B (decimal 331)
   defining Unicode char U+014C (decimal 332)
   defining Unicode char U+014D (decimal 333)
   defining Unicode char U+014E (decimal 334)
   defining Unicode char U+014F (decimal 335)
   defining Unicode char U+0150 (decimal 336)
   defining Unicode char U+0151 (decimal 337)
   defining Unicode char U+0152 (decimal 338)
   defining Unicode char U+0153 (decimal 339)
   defining Unicode char U+0154 (decimal 340)
   defining Unicode char U+0155 (decimal 341)
   defining Unicode char U+0156 (decimal 342)
   defining Unicode char U+0157 (decimal 343)
   defining Unicode char U+0158 (decimal 344)
   defining Unicode char U+0159 (decimal 345)
   defining Unicode char U+015A (decimal 346)
   defining Unicode char U+015B (decimal 347)
   defining Unicode char U+015C (decimal 348)
   defining Unicode char U+015D (decimal 349)
   defining Unicode char U+015E (decimal 350)
   defining Unicode char U+015F (decimal 351)
   defining Unicode char U+0160 (decimal 352)
   defining Unicode char U+0161 (decimal 353)
   defining Unicode char U+0162 (decimal 354)
   defining Unicode char U+0163 (decimal 355)
   defining Unicode char U+0164 (decimal 356)
   defining Unicode char U+0165 (decimal 357)
   defining Unicode char U+0168 (decimal 360)
   defining Unicode char U+0169 (decimal 361)
   defining Unicode char U+016A (decimal 362)
   defining Unicode char U+016B (decimal 363)
   defining Unicode char U+016C (decimal 364)
   defining Unicode char U+016D (decimal 365)
   defining Unicode char U+016E (decimal 366)
   defining Unicode char U+016F (decimal 367)
   defining Unicode char U+0170 (decimal 368)
   defining Unicode char U+0171 (decimal 369)
   defining Unicode char U+0172 (decimal 370)
   defining Unicode char U+0173 (decimal 371)
   defining Unicode char U+0174 (decimal 372)
   defining Unicode char U+0175 (decimal 373)
   defining Unicode char U+0176 (decimal 374)
   defining Unicode char U+0177 (decimal 375)
   defining Unicode char U+0178 (decimal 376)
   defining Unicode char U+0179 (decimal 377)
   defining Unicode char U+017A (decimal 378)
   defining Unicode char U+017B (decimal 379)
   defining Unicode char U+017C (decimal 380)
   defining Unicode char U+017D (decimal 381)
   defining Unicode char U+017E (decimal 382)
   defining Unicode char U+01CD (decimal 461)
   defining Unicode char U+01CE (decimal 462)
   defining Unicode char U+01CF (decimal 463)
   defining Unicode char U+01D0 (decimal 464)
   defining Unicode char U+01D1 (decimal 465)
   defining Unicode char U+01D2 (decimal 466)
   defining Unicode char U+01D3 (decimal 467)
   defining Unicode char U+01D4 (decimal 468)
   defining Unicode char U+01E2 (decimal 482)
   defining Unicode char U+01E3 (decimal 483)
   defining Unicode char U+01E6 (decimal 486)
   defining Unicode char U+01E7 (decimal 487)
   defining Unicode char U+01E8 (decimal 488)
   defining Unicode char U+01E9 (decimal 489)
   defining Unicode char U+01EA (decimal 490)
   defining Unicode char U+01EB (decimal 491)
   defining Unicode char U+01F0 (decimal 496)
   defining Unicode char U+01F4 (decimal 500)
   defining Unicode char U+01F5 (decimal 501)
   defining Unicode char U+0218 (decimal 536)
   defining Unicode char U+0219 (decimal 537)
   defining Unicode char U+021A (decimal 538)
   defining Unicode char U+021B (decimal 539)
   defining Unicode char U+0232 (decimal 562)
   defining Unicode char U+0233 (decimal 563)
   defining Unicode char U+1E02 (decimal 7682)
   defining Unicode char U+1E03 (decimal 7683)
   defining Unicode char U+200C (decimal 8204)
   defining Unicode char U+2010 (decimal 8208)
   defining Unicode char U+2011 (decimal 8209)
   defining Unicode char U+2012 (decimal 8210)
   defining Unicode char U+2013 (decimal 8211)
   defining Unicode char U+2014 (decimal 8212)
   defining Unicode char U+2015 (decimal 8213)
   defining Unicode char U+2018 (decimal 8216)
   defining Unicode char U+2019 (decimal 8217)
   defining Unicode char U+201A (decimal 8218)
   defining Unicode char U+201C (decimal 8220)
   defining Unicode char U+201D (decimal 8221)
   defining Unicode char U+201E (decimal 8222)
   defining Unicode char U+2030 (decimal 8240)
   defining Unicode char U+2031 (decimal 8241)
   defining Unicode char U+2039 (decimal 8249)
   defining Unicode char U+203A (decimal 8250)
   defining Unicode char U+2423 (decimal 9251)
   defining Unicode char U+1E20 (decimal 7712)
   defining Unicode char U+1E21 (decimal 7713)
)
Now handling font encoding OT1 ...
... processing UTF-8 mapping file for font encoding OT1

("C:\Program Files\MiKTeX 2.9\tex\latex\base\ot1enc.dfu"
File: ot1enc.dfu 2017/01/28 v1.1t UTF-8 support for inputenc
   defining Unicode char U+00A0 (decimal 160)
   defining Unicode char U+00A1 (decimal 161)
   defining Unicode char U+00A3 (decimal 163)
   defining Unicode char U+00AD (decimal 173)
   defining Unicode char U+00B8 (decimal 184)
   defining Unicode char U+00BF (decimal 191)
   defining Unicode char U+00C5 (decimal 197)
   defining Unicode char U+00C6 (decimal 198)
   defining Unicode char U+00D8 (decimal 216)
   defining Unicode char U+00DF (decimal 223)
   defining Unicode char U+00E6 (decimal 230)
   defining Unicode char U+00EC (decimal 236)
   defining Unicode char U+00ED (decimal 237)
   defining Unicode char U+00EE (decimal 238)
   defining Unicode char U+00EF (decimal 239)
   defining Unicode char U+00F8 (decimal 248)
   defining Unicode char U+0131 (decimal 305)
   defining Unicode char U+0141 (decimal 321)
   defining Unicode char U+0142 (decimal 322)
   defining Unicode char U+0152 (decimal 338)
   defining Unicode char U+0153 (decimal 339)
   defining Unicode char U+0174 (decimal 372)
   defining Unicode char U+0175 (decimal 373)
   defining Unicode char U+0176 (decimal 374)
   defining Unicode char U+0177 (decimal 375)
   defining Unicode char U+0218 (decimal 536)
   defining Unicode char U+0219 (decimal 537)
   defining Unicode char U+021A (decimal 538)
   defining Unicode char U+021B (decimal 539)
   defining Unicode char U+2013 (decimal 8211)
   defining Unicode char U+2014 (decimal 8212)
   defining Unicode char U+2018 (decimal 8216)
   defining Unicode char U+2019 (decimal 8217)
   defining Unicode char U+201C (decimal 8220)
   defining Unicode char U+201D (decimal 8221)
)
Now handling font encoding OMS ...
... processing UTF-8 mapping file for font encoding OMS

("C:\Program Files\MiKTeX 2.9\tex\latex\base\omsenc.dfu"
File: omsenc.dfu 2017/01/28 v1.1t UTF-8 support for inputenc
   defining Unicode char U+00A7 (decimal 167)
   defining Unicode char U+00B6 (decimal 182)
   defining Unicode char U+00B7 (decimal 183)
   defining Unicode char U+2020 (decimal 8224)
   defining Unicode char U+2021 (decimal 8225)
   defining Unicode char U+2022 (decimal 8226)
)
Now handling font encoding OMX ...
... no UTF-8 mapping file for font encoding OMX
Now handling font encoding U ...
... no UTF-8 mapping file for font encoding U
   defining Unicode char U+00A9 (decimal 169)
   defining Unicode char U+00AA (decimal 170)
   defining Unicode char U+00AE (decimal 174)
   defining Unicode char U+00BA (decimal 186)
   defining Unicode char U+02C6 (decimal 710)
   defining Unicode char U+02DC (decimal 732)
   defining Unicode char U+200C (decimal 8204)
   defining Unicode char U+2026 (decimal 8230)
   defining Unicode char U+2122 (decimal 8482)
   defining Unicode char U+2423 (decimal 9251)
))
("C:\Program Files\MiKTeX 2.9\tex\generic\babel\babel.sty"
Package: babel 2017/11/03 3.15 The Babel package

("C:\Program Files\MiKTeX 2.9\tex\generic\babel\switch.def"
File: switch.def 2017/11/03 3.15 Babel switching mechanism
)
*************************************
* Local config file bblopts.cfg used
*
("C:\Program Files\MiKTeX 2.9\tex\latex\arabi\bblopts.cfg"
File: bblopts.cfg 2005/09/08 v0.1 add Arabic and Farsi to "declared" options of
 babel
)
("C:\Program Files\MiKTeX 2.9\tex\latex\babel-spanish\spanish.ldf"
Language: spanish.ldf 2016/03/03 v5.0p Spanish support from the babel system

("C:\Program Files\MiKTeX 2.9\tex\generic\babel\babel.def"
File: babel.def 2017/11/03 3.15 Babel common definitions

("C:\Program Files\MiKTeX 2.9\tex\generic\babel\switch.def"
File: switch.def 2017/11/03 3.15 Babel switching mechanism
)
\babel@savecnt=\count94
\U@D=\dimen126
)
\es@quottoks=\toks17
\es@quotdepth=\count95
Package babel Info: Making " an active character on input line 561.
Package babel Info: Making . an active character on input line 662.
Package babel Info: Making < an active character on input line 707.
Package babel Info: Making > an active character on input line 707.
)) (bare_jrnl.aux
LaTeX Info: Redefining \. on input line 12.
LaTeX Info: Redefining \% on input line 12.
)
\openout1 = `bare_jrnl.aux'.

LaTeX Font Info:    Checking defaults for OML/cmm/m/it on input line 354.
LaTeX Font Info:    ... okay on input line 354.
LaTeX Font Info:    Checking defaults for T1/cmr/m/n on input line 354.
LaTeX Font Info:    ... okay on input line 354.
LaTeX Font Info:    Checking defaults for OT1/cmr/m/n on input line 354.
LaTeX Font Info:    ... okay on input line 354.
LaTeX Font Info:    Checking defaults for OMS/cmsy/m/n on input line 354.
LaTeX Font Info:    ... okay on input line 354.
LaTeX Font Info:    Checking defaults for OMX/cmex/m/n on input line 354.
LaTeX Font Info:    ... okay on input line 354.
LaTeX Font Info:    Checking defaults for U/cmr/m/n on input line 354.
LaTeX Font Info:    ... okay on input line 354.
-- Lines per column: 58 (exact).
LaTeX Info: Redefining \. on input line 354.
LaTeX Info: Redefining \% on input line 354.
(Introduccion.tex
Underfull \hbox (badness 10000) in paragraph at lines 3--4

 []


LaTeX Warning: Citation `Behan2013' on page 1 undefined on input line 5.


LaTeX Warning: Citation `Cheuque2015' on page 1 undefined on input line 5.


LaTeX Warning: Citation `Kusriyanto2015' on page 1 undefined on input line 5.


Underfull \hbox (badness 10000) in paragraph at lines 5--6

 []


LaTeX Warning: Citation `Cheuque2015' on page 1 undefined on input line 7.


LaTeX Warning: Citation `Kaneko2017' on page 1 undefined on input line 7.


Underfull \hbox (badness 10000) in paragraph at lines 7--8

 []


Underfull \hbox (badness 1496) in paragraph at lines 9--10
\OT1/ptm/m/n/10 firm-wa-re y soft-wa-re. El hard-wa-re cuen-ta con m[]ulti-ples

 []


Underfull \hbox (badness 10000) in paragraph at lines 9--10

 []

) (MarcoTeorico.tex
Underfull \hbox (badness 7704) in paragraph at lines 5--6
\OT1/ptm/m/n/10 de compu-taci[]on in-ter-re-la-cio-na-dos, m[]aqui-nas mec[]ani
-cas
 []


Underfull \hbox (badness 5652) in paragraph at lines 5--6
\OT1/ptm/m/n/10 y di-gi-ta-les, ob-je-tos, ani-ma-les o per-so-nas que tie-nen
 []


Underfull \hbox (badness 10000) in paragraph at lines 5--6

 []


LaTeX Warning: Citation `Asthon2009' on page 1 undefined on input line 7.


Underfull \hbox (badness 10000) in paragraph at lines 11--12

 []

[1{C:/Users/Andres/AppData/Local/MiKTeX/2.9/pdftex/config/pdftex.map}


]

LaTeX Warning: Citation `Hero' on page 2 undefined on input line 15.


Underfull \hbox (badness 10000) in paragraph at lines 15--16

 []


Underfull \hbox (badness 10000) in paragraph at lines 20--21

 []


LaTeX Warning: Citation `Lara' on page 2 undefined on input line 22.


Underfull \hbox (badness 10000) in paragraph at lines 22--23

 []


LaTeX Warning: Citation `JSON' on page 2 undefined on input line 26.


LaTeX Warning: Reference `fig:esp32-wroom-s32-00' on page 2 undefined on input 
line 32.


Underfull \hbox (badness 10000) in paragraph at lines 32--33

 []


LaTeX Warning: Citation `EW32' on page 2 undefined on input line 34.


Underfull \hbox (badness 10000) in paragraph at lines 34--35

 []


LaTeX Warning: Reference `fig:triacgraph' on page 2 undefined on input line 45.



LaTeX Warning: Citation `CEKIT' on page 2 undefined on input line 45.


Underfull \hbox (badness 10000) in paragraph at lines 45--46

 []


LaTeX Warning: Reference `fig:pwm-duty-800x396' on page 2 undefined on input li
ne 57.


LaTeX Warning: Citation `PWM' on page 2 undefined on input line 57.


Underfull \hbox (badness 10000) in paragraph at lines 70--71

 []


LaTeX Warning: Citation `SO' on page 2 undefined on input line 72.


Underfull \hbox (badness 10000) in paragraph at lines 72--73

 []


LaTeX Warning: Citation `ES' on page 2 undefined on input line 76.

) (Desarrollo.tex

LaTeX Warning: Reference `fig:esp32' on page 2 undefined on input line 4.


Underfull \hbox (badness 10000) in paragraph at lines 4--5

 []

[2]
Underfull \hbox (badness 10000) in paragraph at lines 13--14

 []


Underfull \hbox (badness 10000) in paragraph at lines 18--19

 []


Underfull \hbox (badness 2460) in paragraph at lines 21--22
\OT1/ptm/m/n/10 dis-po-si-ti-vos co-mo op-to aco-pla-do-res, tran-sis-to-res BJ
T o
 []


Underfull \hbox (badness 10000) in paragraph at lines 21--22

 []


Underfull \hbox (badness 10000) in paragraph at lines 32--33

 []


Underfull \hbox (badness 10000) in paragraph at lines 34--35

 []


Underfull \hbox (badness 10000) in paragraph at lines 36--37

 []


Underfull \hbox (badness 2591) in paragraph at lines 60--61
 []\OT1/ptm/m/it/10 2b. In-ter-ac-ci[]on con el sis-te-ma: [][] \OT1/ptm/m/n/10
 Pa-ra ca-li-brar
 []


Underfull \hbox (badness 10000) in paragraph at lines 60--61

 []


Underfull \hbox (badness 10000) in paragraph at lines 62--63

 []


Underfull \hbox (badness 10000) in paragraph at lines 64--65

 []


LaTeX Warning: Reference `fig:CAC1' on page 3 undefined on input line 69.


Underfull \hbox (badness 10000) in paragraph at lines 69--70

 []


LaTeX Warning: Reference `fig:ONOFAC' on page 3 undefined on input line 85.


Underfull \hbox (badness 10000) in paragraph at lines 85--86

 []


LaTeX Warning: Reference `fig:DC01' on page 3 undefined on input line 94.


LaTeX Warning: Reference `fig:DC02' on page 3 undefined on input line 94.


LaTeX Warning: Citation `DC0' on page 3 undefined on input line 94.


Underfull \hbox (badness 10000) in paragraph at lines 94--95

 []


LaTeX Warning: Reference `fig:L293D' on page 3 undefined on input line 111.


LaTeX Warning: Reference `fig:CDC' on page 3 undefined on input line 111.


LaTeX Warning: Citation `IRL' on page 3 undefined on input line 111.


Underfull \hbox (badness 2020) in paragraph at lines 111--112
 []\OT1/ptm/m/it/10 3b. Eta-pa DC: [][] \OT1/ptm/m/n/10 es-ta eta-pa cuen-ta co
n cua-tro
 []


Underfull \hbox (badness 10000) in paragraph at lines 111--112

 []


LaTeX Warning: Reference `fig:ONOFDC' on page 3 undefined on input line 113.


Underfull \hbox (badness 10000) in paragraph at lines 113--114

 []


Underfull \hbox (badness 10000) in paragraph at lines 137--138

 []

[3]

LaTeX Warning: Citation `LM386' on page 4 undefined on input line 139.


LaTeX Warning: Reference `fig:AUD' on page 4 undefined on input line 139.


LaTeX Warning: Citation `ES' on page 4 undefined on input line 151.


LaTeX Warning: Reference `fig:what-you-need' on page 4 undefined on input line 
151.


LaTeX Warning: Citation `MVC1' on page 4 undefined on input line 162.


LaTeX Warning: Reference `fig:mvc' on page 4 undefined on input line 162.


Underfull \hbox (badness 1953) in paragraph at lines 162--163
\OT1/ptm/m/n/10 in-cre-men-tan-do la re-uti-li-za-ci[]on y fle-xi-bi-li-dad, ad
em[]as la
 []


Underfull \hbox (badness 10000) in paragraph at lines 162--163

 []


LaTeX Warning: Reference `fig:orm' on page 4 undefined on input line 171.


LaTeX Warning: Citation `Eloq' on page 4 undefined on input line 171.


LaTeX Warning: Citation `PB' on page 4 undefined on input line 182.


LaTeX Warning: Reference `AnexoB' on page 4 undefined on input line 182.


Underfull \hbox (badness 4981) in paragraph at lines 182--183
\OT1/ptm/m/n/10 usua-rio, arro-jan-do re-sul-ta-dos so-bre las fun-cio-na-li-da
-des
 []


Underfull \hbox (badness 10000) in paragraph at lines 182--183

 []


Underfull \hbox (badness 10000) in paragraph at lines 184--185

 []

) (Resultados_Analisis.tex

LaTeX Warning: Reference `fig:iot' on page 4 undefined on input line 3.

LaTeX Font Info:    Try loading font information for OMS+ptm on input line 20.
("C:\Program Files\MiKTeX 2.9\tex\latex\psnfss\omsptm.fd"
File: omsptm.fd 
)
LaTeX Font Info:    Font shape `OMS/ptm/m/n' in size <10> not available
(Font)              Font shape `OMS/cmsy/m/n' tried instead on input line 20.
LaTeX Font Info:    External font `cmex10' loaded for size
(Font)              <7> on input line 23.
LaTeX Font Info:    External font `cmex10' loaded for size
(Font)              <5> on input line 23.


LaTeX Warning: Reference `fig:index' on page 4 undefined on input line 31.


Underfull \hbox (badness 10000) in paragraph at lines 31--32

 []


Underfull \hbox (badness 10000) in paragraph at lines 33--34

 []


LaTeX Warning: Reference `fig:publicview' on page 4 undefined on input line 44.



LaTeX Warning: Reference `fig:views' on page 4 undefined on input line 55.


Underfull \hbox (badness 1394) in paragraph at lines 55--56
 []\OT1/ptm/m/it/10 2. Par-te Pri-va-da: [][] \OT1/ptm/m/n/10 En es-ta sec-ci[]
on es don-de se
 []


Underfull \hbox (badness 4108) in paragraph at lines 55--56
\OT1/ptm/m/n/10 ad-mi-nis-tra-dor, el cual es-ta en-car-ga-do de ges-tio-nar la

 []


Underfull \hbox (badness 10000) in paragraph at lines 55--56

 []

[4]

LaTeX Warning: Reference `fig:views' on page 5 undefined on input line 57.


Underfull \hbox (badness 10000) in paragraph at lines 57--58

 []


LaTeX Warning: Reference `fig:views' on page 5 undefined on input line 59.


Underfull \hbox (badness 10000) in paragraph at lines 59--60

 []


LaTeX Warning: Reference `fig:views' on page 5 undefined on input line 61.


Underfull \hbox (badness 10000) in paragraph at lines 61--62

 []


LaTeX Warning: Reference `fig:updateview' on page 5 undefined on input line 72.



Underfull \hbox (badness 10000) in paragraph at lines 72--73

 []


LaTeX Warning: Reference `fig:views' on page 5 undefined on input line 81.


Underfull \hbox (badness 10000) in paragraph at lines 81--82

 []


Underfull \hbox (badness 1496) in paragraph at lines 83--84
[]\OT1/ptm/m/n/10 Si el ven-ti-la-dor es-ta co-nec-ta-do a una sa-li-da de AC
 []


Underfull \hbox (badness 10000) in paragraph at lines 83--84

 []


LaTeX Warning: Reference `fig:rulesview' on page 5 undefined on input line 85.


Underfull \hbox (badness 10000) in paragraph at lines 85--86

 []


LaTeX Warning: Reference `fig:db' on page 5 undefined on input line 96.


Underfull \hbox (badness 10000) in paragraph at lines 96--97

 []


Underfull \hbox (badness 1394) in paragraph at lines 105--106
[]\OT1/ptm/m/n/10 Esta sec-ci[]on don-de se pre-sen-tan to-dos los re-sul-ta-do
s
 []


Underfull \hbox (badness 10000) in paragraph at lines 105--106

 []


Underfull \hbox (badness 10000) in paragraph at lines 107--108

 []

[5]
Underfull \hbox (badness 2285) in paragraph at lines 109--110
[]\OT1/ptm/m/n/10 En cuan-to a la pro-tec-ci[]on de la apli-ca-ci[]on se han
 []


Underfull \hbox (badness 1895) in paragraph at lines 109--110
\OT1/ptm/m/n/10 del middl-wa-re pre-sen-te en es-ta so-lu-ci[]on, pe-ro tam-bi[
]en
 []


Underfull \hbox (badness 10000) in paragraph at lines 109--110

 []


LaTeX Warning: Reference `fig:tareas' on page 6 undefined on input line 113.


Underfull \hbox (badness 5345) in paragraph at lines 113--114
[]\OT1/ptm/m/n/10 El firm-wa-re se en-cuen-tra com-pues-to, co-mo se ha
 []


Underfull \hbox (badness 10000) in paragraph at lines 113--114

 []


Underfull \hbox (badness 10000) in paragraph at lines 115--116

 []


LaTeX Warning: Reference `fig:conexion' on page 6 undefined on input line 128.


Underfull \hbox (badness 10000) in paragraph at lines 128--129

 []


LaTeX Warning: Reference `fig:wifi' on page 6 undefined on input line 138.


LaTeX Warning: Reference `fig:wifi' on page 6 undefined on input line 138.


LaTeX Warning: Reference `fig:wifi' on page 6 undefined on input line 138.


LaTeX Warning: Reference `fig:json' on page 6 undefined on input line 152.


Underfull \hbox (badness 10000) in paragraph at lines 164--165
 []\OT1/ptm/m/it/10 3. Lec-tu-ra de Da-tos de In-ter-net: [][] \OT1/ptm/m/n/10 
Pa-ra la
 []


Underfull \hbox (badness 10000) in paragraph at lines 164--165

 []

[6]

LaTeX Warning: Reference `fig:httprqstesp' on page 7 undefined on input line 16
6.


Underfull \hbox (badness 1783) in paragraph at lines 166--167
\OT1/ptm/m/n/10 que con-tro-la la tar-je-ta, es-ta los re-ci-be en una ca-de-na

 []


Underfull \hbox (badness 1635) in paragraph at lines 166--167
\OT1/ptm/m/n/10 tex-to en for-ma-to JSON co-mo se ob-ser-va en la fi-gu-ra
 []


Underfull \hbox (badness 10000) in paragraph at lines 166--167

 []


Underfull \hbox (badness 10000) in paragraph at lines 175--176

 []


Underfull \hbox (badness 10000) in paragraph at lines 177--178

 []


LaTeX Warning: Reference `fig:tarjeta' on page 7 undefined on input line 183.


Underfull \hbox (badness 10000) in paragraph at lines 183--184

 []


LaTeX Warning: Reference `fig:labels' on page 7 undefined on input line 193.


Underfull \hbox (badness 10000) in paragraph at lines 193--194

 []


LaTeX Warning: Reference `fig:ACc' on page 7 undefined on input line 203.


LaTeX Warning: Reference `fig:ACc' on page 7 undefined on input line 203.


LaTeX Warning: Reference `fig:DCc' on page 7 undefined on input line 213.


LaTeX Warning: Reference `fig:DCc' on page 7 undefined on input line 213.


Underfull \hbox (badness 10000) in paragraph at lines 223--224
[]\OT1/ptm/m/n/10 En es-ta sec-ci[]on se evi-den-cia tan-to el hard-wa-re
 []


Underfull \hbox (badness 10000) in paragraph at lines 223--224
\OT1/ptm/m/n/10 im-ple-men-ta-do, co-mo su co-rrec-to fun-cio-na-mien-to de
 []


Underfull \hbox (badness 5274) in paragraph at lines 223--224
\OT1/ptm/m/n/10 acuer-do con los re-qui-si-tos pro-pues-tos. Pro-por-cio-nan-do

 []


Underfull \hbox (badness 10000) in paragraph at lines 223--224

 []


Underfull \hbox (badness 1783) in paragraph at lines 225--226
\OT1/ptm/m/n/10 di-fe-ren-tes ele-men-tos uti-li-za-dos, si se usan com-po-nen-
tes
 []


Underfull \hbox (badness 10000) in paragraph at lines 225--226

 []


Underfull \hbox (badness 10000) in paragraph at lines 229--230

 []


LaTeX Warning: Citation `lik' on page 7 undefined on input line 231.


LaTeX Warning: Reference `AnexoB' on page 7 undefined on input line 231.


Underfull \hbox (badness 1694) in paragraph at lines 231--232
\OT1/ptm/m/n/10 pa-ra evi-den-ciar la pos-tu-ra del clien-te en cuan-to a las
 []


Underfull \hbox (badness 10000) in paragraph at lines 231--232

 []


LaTeX Warning: Reference `AnexoC' on page 7 undefined on input line 233.


Underfull \hbox (badness 10000) in paragraph at lines 233--234

 []

[7]
LaTeX Font Info:    External font `cmex10' loaded for size
(Font)              <8> on input line 239.
LaTeX Font Info:    External font `cmex10' loaded for size
(Font)              <6> on input line 239.

Underfull \hbox (badness 10000) in paragraph at lines 267--268

 []


Underfull \hbox (badness 1354) in paragraph at lines 269--270
[]\OT1/ptm/m/n/10 Asimismo, la in-ter-faz que se pro-vee pa-ra rea-li-zar la
 []


Underfull \hbox (badness 10000) in paragraph at lines 269--270

 []


Underfull \hbox (badness 1924) in paragraph at lines 271--272
[]\OT1/ptm/m/n/10 Adem[]as, em ca-so de que la red Wi-Fi cam-bie sus
 []


Underfull \hbox (badness 10000) in paragraph at lines 271--272

 []


Underfull \hbox (badness 10000) in paragraph at lines 273--274

 []


Underfull \hbox (badness 10000) in paragraph at lines 275--276

 []


Underfull \hbox (badness 10000) in paragraph at lines 277--278

 []


Underfull \hbox (badness 10000) in paragraph at lines 279--280

 []


Underfull \hbox (badness 10000) in paragraph at lines 281--282

 []


Underfull \hbox (badness 10000) in paragraph at lines 283--284

 []

) (Conclusiones.tex
Underfull \hbox (badness 10000) in paragraph at lines 285--1

 []


Underfull \hbox (badness 4634) in paragraph at lines 4--5
[]\OT1/ptm/m/n/10 El sis-te-ma com-pues-to de Firm-wa-re, Hard-wa-re y
 []


Underfull \hbox (badness 10000) in paragraph at lines 4--5

 []

[8]
Underfull \hbox (badness 4429) in paragraph at lines 6--7
[]\OT1/ptm/m/n/10 El hard-wa-re im-ple-men-ta-do pa-ra la so-lu-ci[]on IoT,
 []


Underfull \hbox (badness 10000) in paragraph at lines 6--7

 []


Underfull \hbox (badness 2573) in paragraph at lines 8--9
[]\OT1/ptm/m/n/10 La apli-ca-ci[]on web pre-sen-ta-da en es-te do-cu-men-to,
 []


Underfull \hbox (badness 1515) in paragraph at lines 8--9
\OT1/ptm/m/n/10 es de-cir, pa-ra su mo-ni-to-reo o con-trol, ya que se
 []


Underfull \hbox (badness 1590) in paragraph at lines 8--9
\OT1/ptm/m/n/10 va-rios co-no-ci-mien-tos so-bre apli-ca-cio-nes web y los
 []


Underfull \hbox (badness 10000) in paragraph at lines 8--9

 []


Underfull \hbox (badness 1472) in paragraph at lines 10--11
\OT1/ptm/m/n/10 la par-ti-ci-pa-ci[]on de los usua-rios fi-na-les otor-go una
 []


Underfull \hbox (badness 10000) in paragraph at lines 10--11

 []


Underfull \hbox (badness 10000) in paragraph at lines 12--13
[]\OT1/ptm/m/n/10 La tar-je-ta de pro-to-ti-pa-do ESP32 co-mo uni-dad
 []


Underfull \hbox (badness 2050) in paragraph at lines 12--13
\OT1/ptm/m/n/10 cen-tral de pro-ce-sa-mien-to den-tro del desa-rro-llo del
 []


Underfull \hbox (badness 10000) in paragraph at lines 12--13

 []


Underfull \hbox (badness 10000) in paragraph at lines 14--15

 []


Underfull \hbox (badness 6691) in paragraph at lines 16--17
\OT1/ptm/m/n/10 con-tro-lar las di-fe-ren-tes car-gas pre-sen-tes en una
 []


Underfull \hbox (badness 10000) in paragraph at lines 16--17

 []

) (Trabajos_Futuros.tex
Underfull \hbox (badness 2359) in paragraph at lines 3--4
\OT1/ptm/m/n/10 in-te-grar to-do el sis-te-ma en una so-la board, mi-gran-do
 []


Underfull \hbox (badness 10000) in paragraph at lines 3--4

 []


Underfull \hbox (badness 10000) in paragraph at lines 5--6

 []


Underfull \hbox (badness 10000) in paragraph at lines 7--8

 []

)
Underfull \hbox (badness 3189) in paragraph at lines 9--494
\OT1/ptm/m/n/10 y rea-li-zan-do co-pias de la in-for-ma-ci[]on cons-tan-te-men-
te.
 []


Underfull \hbox (badness 10000) in paragraph at lines 9--494

 []

[9] [10

] (bare_jrnl.aux
LaTeX Info: Redefining \. on input line 12.
LaTeX Info: Redefining \% on input line 12.
)

LaTeX Warning: There were undefined references.

 ) 
Here is how much of TeX's memory you used:
 2365 strings out of 493312
 35032 string characters out of 3138897
 113480 words of memory out of 3000000
 5915 multiletter control sequences out of 15000+200000
 44811 words of font info for 79 fonts, out of 3000000 for 9000
 1144 hyphenation exceptions out of 8191
 27i,8n,30p,1221b,359s stack positions out of 5000i,500n,10000p,200000b,50000s
{C:/Program Files/MiKTeX 2.9/fonts/enc/dvips/base/8r.enc}<C:/Program Files/Mi
KTeX 2.9/fonts/type1/public/amsfonts/cm/cmsy10.pfb><C:/Program Files/MiKTeX 2.9
/fonts/type1/urw/times/utmb8a.pfb><C:/Program Files/MiKTeX 2.9/fonts/type1/urw/
times/utmbi8a.pfb><C:/Program Files/MiKTeX 2.9/fonts/type1/urw/times/utmr8a.pfb
><C:/Program Files/MiKTeX 2.9/fonts/type1/urw/times/utmri8a.pfb>
Output written on bare_jrnl.pdf (10 pages, 122888 bytes).
PDF statistics:
 56 PDF objects out of 1000 (max. 8388607)
 0 named destinations out of 1000 (max. 500000)
 1 words of extra memory for PDF output out of 10000 (max. 10000000)

